<?xml version="1.0" encoding="UTF-8"?>
<!-- Generated by org.testng.reporters.JUnitXMLReporter -->
<testsuite hostname="Krishnas-MacBook-Pro.local" ignored="0" name="Test" tests="2" failures="0" timestamp="26 Feb 2019 00:12:32 GMT" time="29.388" errors="0">
  <testcase name="placeOrderByCOD" time="29.317" classname="testcases.PlaceOrderTest"/>
  <testcase name="placeOrderByNB" time="0.017" classname="testcases.PlaceOrderTest">
    <skipped/>
  </testcase> <!-- placeOrderByNB -->
</testsuite> <!-- Test -->
