<?xml version="1.0" encoding="UTF-8"?>
<testng-results skipped="1" failed="0" ignored="0" total="2" passed="1">
  <reporter-output>
  </reporter-output>
  <suite name="Suite" duration-ms="29388" started-at="2019-02-26T00:12:03Z" finished-at="2019-02-26T00:12:32Z">
    <groups>
    </groups>
    <test name="Test" duration-ms="29388" started-at="2019-02-26T00:12:03Z" finished-at="2019-02-26T00:12:32Z">
      <class name="testcases.PlaceOrderTest">
        <test-method status="PASS" signature="init()[pri:0, instance:testcases.PlaceOrderTest@13deb50e]" name="init" is-config="true" duration-ms="11878" started-at="2019-02-26T00:11:51Z" finished-at="2019-02-26T00:12:03Z">
          <reporter-output>
          </reporter-output>
        </test-method> <!-- init -->
        <test-method status="PASS" signature="placeOrderByCOD()[pri:0, instance:testcases.PlaceOrderTest@13deb50e]" name="placeOrderByCOD" duration-ms="29317" started-at="2019-02-26T00:12:03Z" finished-at="2019-02-26T00:12:32Z">
          <reporter-output>
          </reporter-output>
        </test-method> <!-- placeOrderByCOD -->
        <test-method status="PASS" signature="getResult(org.testng.ITestResult)[pri:0, instance:testcases.PlaceOrderTest@13deb50e]" name="getResult" is-config="true" duration-ms="6" started-at="2019-02-26T00:12:32Z" finished-at="2019-02-26T00:12:32Z">
          <params>
            <param index="0">
              <value>
                <![CDATA[[TestResult name=placeOrderByCOD status=SUCCESS method=PlaceOrderTest.placeOrderByCOD()[pri:0, instance:testcases.PlaceOrderTest@13deb50e] output={null}]]]>
              </value>
            </param>
          </params>
          <reporter-output>
          </reporter-output>
        </test-method> <!-- getResult -->
        <test-method status="SKIP" signature="placeOrderByNB()[pri:0, instance:testcases.PlaceOrderTest@13deb50e]" name="placeOrderByNB" duration-ms="17" started-at="2019-02-26T00:12:32Z" finished-at="2019-02-26T00:12:32Z">
          <exception class="org.testng.SkipException">
            <message>
              <![CDATA[Skipping this test case as the run mode is N.]]>
            </message>
            <full-stacktrace>
              <![CDATA[org.testng.SkipException: Skipping this test case as the run mode is N.
at testcases.PlaceOrderTest.placeOrderByNB(PlaceOrderTest.java:52)
at sun.reflect.NativeMethodAccessorImpl.invoke0(Native Method)
at sun.reflect.NativeMethodAccessorImpl.invoke(NativeMethodAccessorImpl.java:62)
at sun.reflect.DelegatingMethodAccessorImpl.invoke(DelegatingMethodAccessorImpl.java:43)
at java.lang.reflect.Method.invoke(Method.java:498)
at org.testng.internal.MethodInvocationHelper.invokeMethod(MethodInvocationHelper.java:124)
at org.testng.internal.Invoker.invokeMethod(Invoker.java:583)
at org.testng.internal.Invoker.invokeTestMethod(Invoker.java:719)
at org.testng.internal.Invoker.invokeTestMethods(Invoker.java:989)
at org.testng.internal.TestMethodWorker.invokeTestMethods(TestMethodWorker.java:125)
at org.testng.internal.TestMethodWorker.run(TestMethodWorker.java:109)
at org.testng.TestRunner.privateRun(TestRunner.java:648)
at org.testng.TestRunner.run(TestRunner.java:505)
at org.testng.SuiteRunner.runTest(SuiteRunner.java:455)
at org.testng.SuiteRunner.runSequentially(SuiteRunner.java:450)
at org.testng.SuiteRunner.privateRun(SuiteRunner.java:415)
at org.testng.SuiteRunner.run(SuiteRunner.java:364)
at org.testng.SuiteRunnerWorker.runSuite(SuiteRunnerWorker.java:52)
at org.testng.SuiteRunnerWorker.run(SuiteRunnerWorker.java:84)
at org.testng.TestNG.runSuitesSequentially(TestNG.java:1208)
at org.testng.TestNG.runSuitesLocally(TestNG.java:1137)
at org.testng.TestNG.runSuites(TestNG.java:1049)
at org.testng.TestNG.run(TestNG.java:1017)
at org.testng.remote.AbstractRemoteTestNG.run(AbstractRemoteTestNG.java:114)
at org.testng.remote.RemoteTestNG.initAndRun(RemoteTestNG.java:251)
at org.testng.remote.RemoteTestNG.main(RemoteTestNG.java:77)
]]>
            </full-stacktrace>
          </exception> <!-- org.testng.SkipException -->
          <reporter-output>
          </reporter-output>
        </test-method> <!-- placeOrderByNB -->
        <test-method status="PASS" signature="getResult(org.testng.ITestResult)[pri:0, instance:testcases.PlaceOrderTest@13deb50e]" name="getResult" is-config="true" duration-ms="8" started-at="2019-02-26T00:12:32Z" finished-at="2019-02-26T00:12:32Z">
          <params>
            <param index="0">
              <value>
                <![CDATA[[TestResult name=placeOrderByNB status=SKIP method=PlaceOrderTest.placeOrderByNB()[pri:0, instance:testcases.PlaceOrderTest@13deb50e] output={null}]]]>
              </value>
            </param>
          </params>
          <reporter-output>
          </reporter-output>
        </test-method> <!-- getResult -->
        <test-method status="PASS" signature="tearDown()[pri:0, instance:testcases.PlaceOrderTest@13deb50e]" name="tearDown" is-config="true" duration-ms="5932" started-at="2019-02-26T00:12:32Z" finished-at="2019-02-26T00:12:38Z">
          <reporter-output>
          </reporter-output>
        </test-method> <!-- tearDown -->
      </class> <!-- testcases.PlaceOrderTest -->
    </test> <!-- Test -->
  </suite> <!-- Suite -->
</testng-results>
